<?xml version="1.0" encoding="UTF-8"?>
<!-- Generated by org.testng.reporters.JUnitReportReporter -->
<testsuite hostname="chara" name="com.xero.app.selenium.DeleteInvoiceTest" tests="1" failures="0" timestamp="18 Aug 2014 12:00:18 GMT" time="4.319" errors="0">
  <testcase name="testDeleteInvoice" time="4.319" classname="com.xero.app.selenium.DeleteInvoiceTest"/>
</testsuite>
