<?xml version="1.0" encoding="UTF-8"?>
<!-- Generated by org.testng.reporters.JUnitReportReporter -->
<testsuite hostname="chara" name="com.xero.app.selenium.HelpinNewRepeatingInvoiceTest" tests="1" failures="0" timestamp="18 Aug 2014 12:00:18 GMT" time="2.163" errors="0">
  <testcase name="checkWhatsthis" time="2.163" classname="com.xero.app.selenium.HelpinNewRepeatingInvoiceTest"/>
</testsuite>
