<?xml version="1.0" encoding="UTF-8"?>
<!-- Generated by org.testng.reporters.JUnitReportReporter -->
<testsuite hostname="chara" name="com.xero.app.selenium.ApproveInvoiceTest" tests="1" failures="0" timestamp="18 Aug 2014 12:00:18 GMT" time="5.081" errors="0">
  <testcase name="testApproveInvoice" time="5.081" classname="com.xero.app.selenium.ApproveInvoiceTest"/>
</testsuite>
