<?xml version="1.0" encoding="UTF-8"?>
<!-- Generated by org.testng.reporters.JUnitReportReporter -->
<testsuite hostname="chara" name="com.xero.app.selenium.HistoryNoteNewRepeatingInvoiceTest" tests="1" failures="0" timestamp="18 Aug 2014 12:00:18 GMT" time="1.173" errors="0">
  <testcase name="testHistoryNote" time="1.173" classname="com.xero.app.selenium.HistoryNoteNewRepeatingInvoiceTest"/>
</testsuite>
