<?xml version="1.0" encoding="UTF-8"?>
<!-- Generated by org.testng.reporters.JUnitReportReporter -->
<testsuite hostname="chara" name="com.xero.app.selenium.InvoiceDateNewRepeatingInvoiceTest" tests="1" failures="0" timestamp="18 Aug 2014 12:00:18 GMT" time="2.662" errors="0">
  <testcase name="testNextInvoiceDate" time="2.662" classname="com.xero.app.selenium.InvoiceDateNewRepeatingInvoiceTest"/>
</testsuite>
