<?xml version="1.0" encoding="UTF-8"?>
<testsuite name="TestSuite" time="36.859" tests="8" errors="0" skipped="0" failures="0">
  <properties>
    <property name="java.runtime.name" value="Java(TM) SE Runtime Environment"/>
    <property name="sun.boot.library.path" value="/home/charan/software/jdk1.7.0_55/jre/lib/i386"/>
    <property name="java.vm.version" value="24.55-b03"/>
    <property name="java.vm.vendor" value="Oracle Corporation"/>
    <property name="java.vendor.url" value="http://java.oracle.com/"/>
    <property name="path.separator" value=":"/>
    <property name="guice.disable.misplaced.annotation.check" value="true"/>
    <property name="java.vm.name" value="Java HotSpot(TM) Server VM"/>
    <property name="file.encoding.pkg" value="sun.io"/>
    <property name="user.country" value="IN"/>
    <property name="sun.java.launcher" value="SUN_STANDARD"/>
    <property name="sun.os.patch.level" value="unknown"/>
    <property name="java.vm.specification.name" value="Java Virtual Machine Specification"/>
    <property name="user.dir" value="/home/charan/reshma/xero-web-tests"/>
    <property name="java.runtime.version" value="1.7.0_55-b13"/>
    <property name="java.awt.graphicsenv" value="sun.awt.X11GraphicsEnvironment"/>
    <property name="java.endorsed.dirs" value="/home/charan/software/jdk1.7.0_55/jre/lib/endorsed"/>
    <property name="os.arch" value="i386"/>
    <property name="java.io.tmpdir" value="/tmp"/>
    <property name="line.separator" value="&#10;"/>
    <property name="java.vm.specification.vendor" value="Oracle Corporation"/>
    <property name="os.name" value="Linux"/>
    <property name="classworlds.conf" value="/home/charan/software/apache-maven-3.2.1/bin/m2.conf"/>
    <property name="sun.jnu.encoding" value="UTF-8"/>
    <property name="java.library.path" value="/usr/java/packages/lib/i386:/lib:/usr/lib"/>
    <property name="java.specification.name" value="Java Platform API Specification"/>
    <property name="java.class.version" value="51.0"/>
    <property name="sun.management.compiler" value="HotSpot Tiered Compilers"/>
    <property name="os.version" value="3.13.0-32-generic"/>
    <property name="user.home" value="/home/charan"/>
    <property name="user.timezone" value="Asia/Kolkata"/>
    <property name="java.awt.printerjob" value="sun.print.PSPrinterJob"/>
    <property name="file.encoding" value="UTF-8"/>
    <property name="java.specification.version" value="1.7"/>
    <property name="user.name" value="charan"/>
    <property name="java.class.path" value="/home/charan/software/apache-maven-3.2.1/boot/plexus-classworlds-2.5.1.jar"/>
    <property name="org.slf4j.simpleLogger.defaultLogLevel" value="info"/>
    <property name="java.vm.specification.version" value="1.7"/>
    <property name="sun.arch.data.model" value="32"/>
    <property name="java.home" value="/home/charan/software/jdk1.7.0_55/jre"/>
    <property name="sun.java.command" value="org.codehaus.plexus.classworlds.launcher.Launcher clean test -DsuiteXMLfile=src/test/resources/testng.xml"/>
    <property name="java.specification.vendor" value="Oracle Corporation"/>
    <property name="user.language" value="en"/>
    <property name="suiteXMLfile" value="src/test/resources/testng.xml"/>
    <property name="awt.toolkit" value="sun.awt.X11.XToolkit"/>
    <property name="java.vm.info" value="mixed mode"/>
    <property name="java.version" value="1.7.0_55"/>
    <property name="java.ext.dirs" value="/home/charan/software/jdk1.7.0_55/jre/lib/ext:/usr/java/packages/lib/ext"/>
    <property name="securerandom.source" value="file:/dev/./urandom"/>
    <property name="sun.boot.class.path" value="/home/charan/software/jdk1.7.0_55/jre/lib/resources.jar:/home/charan/software/jdk1.7.0_55/jre/lib/rt.jar:/home/charan/software/jdk1.7.0_55/jre/lib/sunrsasign.jar:/home/charan/software/jdk1.7.0_55/jre/lib/jsse.jar:/home/charan/software/jdk1.7.0_55/jre/lib/jce.jar:/home/charan/software/jdk1.7.0_55/jre/lib/charsets.jar:/home/charan/software/jdk1.7.0_55/jre/lib/jfr.jar:/home/charan/software/jdk1.7.0_55/jre/classes"/>
    <property name="java.vendor" value="Oracle Corporation"/>
    <property name="maven.home" value="/home/charan/software/apache-maven-3.2.1"/>
    <property name="file.separator" value="/"/>
    <property name="java.vendor.url.bug" value="http://bugreport.sun.com/bugreport/"/>
    <property name="sun.cpu.endian" value="little"/>
    <property name="sun.io.unicode.encoding" value="UnicodeLittle"/>
    <property name="sun.desktop" value="gnome"/>
    <property name="sun.cpu.isalist" value=""/>
  </properties>
  <testcase name="testCreateNewRepeatingInvoice" classname="com.xero.app.selenium.NewRepeatingInvoiceTest" time="10.249"/>
  <testcase name="testApproveInvoice" classname="com.xero.app.selenium.ApproveInvoiceTest" time="5.082"/>
  <testcase name="testSearchInvoice" classname="com.xero.app.selenium.SearchInvoiceTest" time="3.886"/>
  <testcase name="testSearchInvalidInputs" classname="com.xero.app.selenium.SearchInvoiceInvalidInputsTest" time="7.321"/>
  <testcase name="testHistoryNote" classname="com.xero.app.selenium.HistoryNoteNewRepeatingInvoiceTest" time="1.179"/>
  <testcase name="checkWhatsthis" classname="com.xero.app.selenium.HelpinNewRepeatingInvoiceTest" time="2.163"/>
  <testcase name="testNextInvoiceDate" classname="com.xero.app.selenium.InvoiceDateNewRepeatingInvoiceTest" time="2.66"/>
  <testcase name="testDeleteInvoice" classname="com.xero.app.selenium.DeleteInvoiceTest" time="4.319"/>
</testsuite>